<?xml version="1.0" encoding="UTF-8"?>
<!-- Generated by org.testng.reporters.JUnitXMLReporter -->
<testsuite ignored="0" hostname="Kajal" failures="0" tests="4" name="ECommerceTests" time="16.429" errors="0" timestamp="2025-10-03T23:20:33 IST">
  <testcase classname="com.example.tests.LoginTest" name="invalidLoginShowsError" time="0.794"/>
  <testcase classname="com.example.tests.LoginTest" name="validLogin" time="0.834"/>
  <testcase classname="com.example.tests.AddToCartTest" name="addProductToCartTest" time="4.131"/>
  <testcase classname="com.example.tests.CheckoutTest" name="checkoutFlowTest" time="2.267"/>
</testsuite> <!-- ECommerceTests -->
