<?xml version="1.0" encoding="UTF-8"?>
<!-- Generated by org.testng.reporters.JUnitXMLReporter -->
<testsuite ignored="0" hostname="Kajal" failures="1" tests="7" name="ECommerceTests" time="70.393" errors="0" timestamp="2025-12-17T10:51:33 IST">
  <testcase classname="com.example.tests.LoginTest" name="invalidLoginShowsError" time="0.555"/>
  <testcase classname="com.example.tests.LoginTest" name="validLogin" time="0.637"/>
  <testcase classname="com.example.tests.AddToCartTest" name="addProductToCartTest" time="3.79"/>
  <testcase classname="com.example.tests.CheckoutTest" name="checkoutFlowTest" time="1.346"/>
  <testcase classname="com.example.tests.ProductDetailsTest" name="validateProductDetails" time="20.68">
    <failure type="org.openqa.selenium.TimeoutException" message="Expected condition failed: waiting for visibility of element located by By.cssSelector: .inventory_details_name (tried for 20 second(s) with 500 milliseconds interval)
Build info: version: &amp;apos;4.14.0&amp;apos;, revision: &amp;apos;e5a96349ce&amp;apos;
System info: os.name: &amp;apos;Windows 11&amp;apos;, os.arch: &amp;apos;amd64&amp;apos;, os.version: &amp;apos;10.0&amp;apos;, java.version: &amp;apos;21.0.5&amp;apos;
Driver info: org.openqa.selenium.firefox.FirefoxDriver
Capabilities {acceptInsecureCerts: true, browserName: firefox, browserVersion: 143.0.4, moz:accessibilityChecks: false, moz:buildID: 20251003115653, moz:geckodriverVersion: 0.36.0, moz:headless: false, moz:platformVersion: 10.0, moz:processID: 17568, moz:profile: C:\Users\kajal\AppData\Loca..., moz:shutdownTimeout: 60000, moz:webdriverClick: true, moz:windowless: false, pageLoadStrategy: normal, platformName: windows, proxy: Proxy(), setWindowRect: true, strictFileInteractability: false, timeouts: {implicit: 0, pageLoad: 300000, script: 30000}, unhandledPromptBehavior: dismiss and notify, userAgent: Mozilla/5.0 (Windows NT 10....}
Session ID: d5e05f80-661e-4129-b159-c75cae33b482">
      <![CDATA[org.openqa.selenium.TimeoutException: Expected condition failed: waiting for visibility of element located by By.cssSelector: .inventory_details_name (tried for 20 second(s) with 500 milliseconds interval)
Build info: version: '4.14.0', revision: 'e5a96349ce'
System info: os.name: 'Windows 11', os.arch: 'amd64', os.version: '10.0', java.version: '21.0.5'
Driver info: org.openqa.selenium.firefox.FirefoxDriver
Capabilities {acceptInsecureCerts: true, browserName: firefox, browserVersion: 143.0.4, moz:accessibilityChecks: false, moz:buildID: 20251003115653, moz:geckodriverVersion: 0.36.0, moz:headless: false, moz:platformVersion: 10.0, moz:processID: 17568, moz:profile: C:\Users\kajal\AppData\Loca..., moz:shutdownTimeout: 60000, moz:webdriverClick: true, moz:windowless: false, pageLoadStrategy: normal, platformName: windows, proxy: Proxy(), setWindowRect: true, strictFileInteractability: false, timeouts: {implicit: 0, pageLoad: 300000, script: 30000}, unhandledPromptBehavior: dismiss and notify, userAgent: Mozilla/5.0 (Windows NT 10....}
Session ID: d5e05f80-661e-4129-b159-c75cae33b482
at org.openqa.selenium.support.ui.WebDriverWait.timeoutException(WebDriverWait.java:84)
at org.openqa.selenium.support.ui.FluentWait.until(FluentWait.java:230)
at com.example.framework.pages.ProductDetailsPage.getProductTitle(ProductDetailsPage.java:48)
at com.example.tests.ProductDetailsTest.validateProductDetails(ProductDetailsTest.java:29)
at java.base/java.util.ArrayList.forEach(ArrayList.java:1596)
... Removed 25 stack frames]]>
    </failure>
  </testcase> <!-- validateProductDetails -->
  <testcase classname="com.example.tests.ProductSearchTest" name="filterProductsByPriceLowToHigh" time="0.676"/>
  <testcase classname="com.example.tests.LogoutTest" name="userCanLogoutSuccessfully" time="1.319"/>
</testsuite> <!-- ECommerceTests -->
