<?xml version="1.0" encoding="UTF-8"?>
<!-- Generated by org.testng.reporters.JUnitXMLReporter -->
<testsuite ignored="0" hostname="Kajal" failures="0" tests="4" name="ECommerceTests" time="30.685" errors="0" timestamp="2025-10-09T09:14:18 IST">
  <testcase classname="com.example.tests.LoginTest" name="invalidLoginShowsError" time="0.511"/>
  <testcase classname="com.example.tests.LoginTest" name="validLogin" time="0.751"/>
  <testcase classname="com.example.tests.AddToCartTest" name="addProductToCartTest" time="3.803"/>
  <testcase classname="com.example.tests.CheckoutTest" name="checkoutFlowTest" time="1.458"/>
</testsuite> <!-- ECommerceTests -->
