<?xml version="1.0" encoding="UTF-8"?>
<!-- Generated by org.testng.reporters.JUnitXMLReporter -->
<testsuite ignored="0" hostname="Kajal" failures="1" tests="1" name="ECommerceTests" time="9.093" errors="0" timestamp="2025-10-09T10:22:09 IST">
  <testcase classname="com.example.tests.CartTotalTest" name="addTwoItemsAndVerifyTotal" time="0.164">
    <failure type="java.lang.RuntimeException" message="No products available to click!">
      <![CDATA[java.lang.RuntimeException: No products available to click!
at com.example.framework.pages.ProductsPage.clickProduct(ProductsPage.java:85)
at com.example.tests.CartTotalTest.addTwoItemsAndVerifyTotal(CartTotalTest.java:20)
at java.base/java.util.ArrayList.forEach(ArrayList.java:1596)
... Removed 25 stack frames]]>
    </failure>
  </testcase> <!-- addTwoItemsAndVerifyTotal -->
</testsuite> <!-- ECommerceTests -->
