<?xml version="1.0" encoding="UTF-8"?>
<!-- Generated by org.testng.reporters.JUnitXMLReporter -->
<testsuite ignored="0" hostname="Kajal" failures="0" tests="6" name="ECommerceTests" time="44.314" errors="0" timestamp="2025-12-17T13:58:36 IST">
  <testcase classname="com.example.tests.LoginTest" name="invalidLoginShowsError" time="0.616"/>
  <testcase classname="com.example.tests.LoginTest" name="validLogin" time="0.57"/>
  <testcase classname="com.example.tests.AddToCartTest" name="addProductToCartTest" time="3.713"/>
  <testcase classname="com.example.tests.CheckoutTest" name="checkoutFlowTest" time="1.512"/>
  <testcase classname="com.example.tests.ProductSearchTest" name="filterProductsByPriceLowToHigh" time="0.539"/>
  <testcase classname="com.example.tests.LogoutTest" name="userCanLogoutSuccessfully" time="1.47"/>
</testsuite> <!-- ECommerceTests -->
