<?xml version="1.0" encoding="UTF-8"?>
<testng-results ignored="0" total="6" passed="6" failed="0" skipped="0">
  <reporter-output>
  </reporter-output>
  <suite started-at="2025-12-17T13:57:52 IST" name="ECommerceSuite" finished-at="2025-12-17T13:58:36 IST" duration-ms="44314">
    <groups>
    </groups>
    <test started-at="2025-12-17T13:57:52 IST" name="ECommerceTests" finished-at="2025-12-17T13:58:36 IST" duration-ms="44314">
      <class name="com.example.tests.ProductSearchTest">
        <test-method is-config="true" signature="setUp()[pri:0, instance:com.example.tests.ProductSearchTest@536dbea0]" started-at="2025-12-17T13:58:24 IST" name="setUp" finished-at="2025-12-17T13:58:28 IST" duration-ms="4308" status="PASS">
          <reporter-output>
          </reporter-output>
        </test-method> <!-- setUp -->
        <test-method signature="filterProductsByPriceLowToHigh()[pri:0, instance:com.example.tests.ProductSearchTest@536dbea0]" started-at="2025-12-17T13:58:28 IST" name="filterProductsByPriceLowToHigh" finished-at="2025-12-17T13:58:28 IST" duration-ms="539" status="PASS">
          <reporter-output>
          </reporter-output>
        </test-method> <!-- filterProductsByPriceLowToHigh -->
        <test-method is-config="true" signature="tearDown()[pri:0, instance:com.example.tests.ProductSearchTest@536dbea0]" started-at="2025-12-17T13:58:28 IST" name="tearDown" finished-at="2025-12-17T13:58:29 IST" duration-ms="987" status="PASS">
          <reporter-output>
          </reporter-output>
        </test-method> <!-- tearDown -->
      </class> <!-- com.example.tests.ProductSearchTest -->
      <class name="com.example.tests.LoginTest">
        <test-method is-config="true" signature="setUp()[pri:0, instance:com.example.tests.LoginTest@5c86dbc5]" started-at="2025-12-17T13:57:52 IST" name="setUp" finished-at="2025-12-17T13:57:58 IST" duration-ms="6326" status="PASS">
          <reporter-output>
          </reporter-output>
        </test-method> <!-- setUp -->
        <test-method signature="invalidLoginShowsError()[pri:0, instance:com.example.tests.LoginTest@5c86dbc5]" started-at="2025-12-17T13:57:58 IST" name="invalidLoginShowsError" finished-at="2025-12-17T13:57:59 IST" duration-ms="616" status="PASS">
          <reporter-output>
          </reporter-output>
        </test-method> <!-- invalidLoginShowsError -->
        <test-method is-config="true" signature="tearDown()[pri:0, instance:com.example.tests.LoginTest@5c86dbc5]" started-at="2025-12-17T13:57:59 IST" name="tearDown" finished-at="2025-12-17T13:58:00 IST" duration-ms="1144" status="PASS">
          <reporter-output>
          </reporter-output>
        </test-method> <!-- tearDown -->
        <test-method is-config="true" signature="setUp()[pri:0, instance:com.example.tests.LoginTest@5c86dbc5]" started-at="2025-12-17T13:58:00 IST" name="setUp" finished-at="2025-12-17T13:58:05 IST" duration-ms="5222" status="PASS">
          <reporter-output>
          </reporter-output>
        </test-method> <!-- setUp -->
        <test-method signature="validLogin()[pri:0, instance:com.example.tests.LoginTest@5c86dbc5]" started-at="2025-12-17T13:58:05 IST" name="validLogin" finished-at="2025-12-17T13:58:06 IST" duration-ms="570" status="PASS">
          <reporter-output>
          </reporter-output>
        </test-method> <!-- validLogin -->
        <test-method is-config="true" signature="tearDown()[pri:0, instance:com.example.tests.LoginTest@5c86dbc5]" started-at="2025-12-17T13:58:06 IST" name="tearDown" finished-at="2025-12-17T13:58:07 IST" duration-ms="1207" status="PASS">
          <reporter-output>
          </reporter-output>
        </test-method> <!-- tearDown -->
      </class> <!-- com.example.tests.LoginTest -->
      <class name="com.example.tests.CheckoutTest">
        <test-method is-config="true" signature="setUp()[pri:0, instance:com.example.tests.CheckoutTest@3f1d2e23]" started-at="2025-12-17T13:58:16 IST" name="setUp" finished-at="2025-12-17T13:58:21 IST" duration-ms="4469" status="PASS">
          <reporter-output>
          </reporter-output>
        </test-method> <!-- setUp -->
        <test-method signature="checkoutFlowTest()[pri:0, instance:com.example.tests.CheckoutTest@3f1d2e23]" started-at="2025-12-17T13:58:21 IST" name="checkoutFlowTest" finished-at="2025-12-17T13:58:22 IST" duration-ms="1512" status="PASS">
          <reporter-output>
          </reporter-output>
        </test-method> <!-- checkoutFlowTest -->
        <test-method is-config="true" signature="tearDown()[pri:0, instance:com.example.tests.CheckoutTest@3f1d2e23]" started-at="2025-12-17T13:58:22 IST" name="tearDown" finished-at="2025-12-17T13:58:24 IST" duration-ms="1194" status="PASS">
          <reporter-output>
          </reporter-output>
        </test-method> <!-- tearDown -->
      </class> <!-- com.example.tests.CheckoutTest -->
      <class name="com.example.tests.AddToCartTest">
        <test-method is-config="true" signature="setUp()[pri:0, instance:com.example.tests.AddToCartTest@4bff7da0]" started-at="2025-12-17T13:58:07 IST" name="setUp" finished-at="2025-12-17T13:58:11 IST" duration-ms="4579" status="PASS">
          <reporter-output>
          </reporter-output>
        </test-method> <!-- setUp -->
        <test-method signature="addProductToCartTest()[pri:0, instance:com.example.tests.AddToCartTest@4bff7da0]" started-at="2025-12-17T13:58:11 IST" name="addProductToCartTest" finished-at="2025-12-17T13:58:15 IST" duration-ms="3713" status="PASS">
          <reporter-output>
          </reporter-output>
        </test-method> <!-- addProductToCartTest -->
        <test-method is-config="true" signature="tearDown()[pri:0, instance:com.example.tests.AddToCartTest@4bff7da0]" started-at="2025-12-17T13:58:15 IST" name="tearDown" finished-at="2025-12-17T13:58:16 IST" duration-ms="1255" status="PASS">
          <reporter-output>
          </reporter-output>
        </test-method> <!-- tearDown -->
      </class> <!-- com.example.tests.AddToCartTest -->
      <class name="com.example.tests.LogoutTest">
        <test-method is-config="true" signature="setUp()[pri:0, instance:com.example.tests.LogoutTest@47c81abf]" started-at="2025-12-17T13:58:29 IST" name="setUp" finished-at="2025-12-17T13:58:33 IST" duration-ms="4097" status="PASS">
          <reporter-output>
          </reporter-output>
        </test-method> <!-- setUp -->
        <test-method signature="userCanLogoutSuccessfully()[pri:0, instance:com.example.tests.LogoutTest@47c81abf]" started-at="2025-12-17T13:58:33 IST" name="userCanLogoutSuccessfully" finished-at="2025-12-17T13:58:35 IST" duration-ms="1470" status="PASS">
          <reporter-output>
          </reporter-output>
        </test-method> <!-- userCanLogoutSuccessfully -->
        <test-method is-config="true" signature="tearDown()[pri:0, instance:com.example.tests.LogoutTest@47c81abf]" started-at="2025-12-17T13:58:35 IST" name="tearDown" finished-at="2025-12-17T13:58:36 IST" duration-ms="1030" status="PASS">
          <reporter-output>
          </reporter-output>
        </test-method> <!-- tearDown -->
      </class> <!-- com.example.tests.LogoutTest -->
    </test> <!-- ECommerceTests -->
  </suite> <!-- ECommerceSuite -->
</testng-results>
