<?xml version="1.0" encoding="UTF-8"?>
<testng-results ignored="0" total="7" passed="6" failed="1" skipped="0">
  <reporter-output>
  </reporter-output>
  <suite started-at="2025-12-17T10:50:22 IST" name="ECommerceSuite" finished-at="2025-12-17T10:51:32 IST" duration-ms="70393">
    <groups>
    </groups>
    <test started-at="2025-12-17T10:50:22 IST" name="ECommerceTests" finished-at="2025-12-17T10:51:32 IST" duration-ms="70393">
      <class name="com.example.tests.ProductSearchTest">
        <test-method is-config="true" signature="setUp()[pri:0, instance:com.example.tests.ProductSearchTest@536dbea0]" started-at="2025-12-17T10:51:19 IST" name="setUp" finished-at="2025-12-17T10:51:24 IST" duration-ms="5034" status="PASS">
          <reporter-output>
          </reporter-output>
        </test-method> <!-- setUp -->
        <test-method signature="filterProductsByPriceLowToHigh()[pri:0, instance:com.example.tests.ProductSearchTest@536dbea0]" started-at="2025-12-17T10:51:24 IST" name="filterProductsByPriceLowToHigh" finished-at="2025-12-17T10:51:24 IST" duration-ms="676" status="PASS">
          <reporter-output>
          </reporter-output>
        </test-method> <!-- filterProductsByPriceLowToHigh -->
        <test-method is-config="true" signature="tearDown()[pri:0, instance:com.example.tests.ProductSearchTest@536dbea0]" started-at="2025-12-17T10:51:24 IST" name="tearDown" finished-at="2025-12-17T10:51:25 IST" duration-ms="1209" status="PASS">
          <reporter-output>
          </reporter-output>
        </test-method> <!-- tearDown -->
      </class> <!-- com.example.tests.ProductSearchTest -->
      <class name="com.example.tests.LoginTest">
        <test-method is-config="true" signature="setUp()[pri:0, instance:com.example.tests.LoginTest@10289886]" started-at="2025-12-17T10:50:22 IST" name="setUp" finished-at="2025-12-17T10:50:29 IST" duration-ms="6969" status="PASS">
          <reporter-output>
          </reporter-output>
        </test-method> <!-- setUp -->
        <test-method signature="invalidLoginShowsError()[pri:0, instance:com.example.tests.LoginTest@10289886]" started-at="2025-12-17T10:50:29 IST" name="invalidLoginShowsError" finished-at="2025-12-17T10:50:29 IST" duration-ms="555" status="PASS">
          <reporter-output>
          </reporter-output>
        </test-method> <!-- invalidLoginShowsError -->
        <test-method is-config="true" signature="tearDown()[pri:0, instance:com.example.tests.LoginTest@10289886]" started-at="2025-12-17T10:50:29 IST" name="tearDown" finished-at="2025-12-17T10:50:31 IST" duration-ms="1105" status="PASS">
          <reporter-output>
          </reporter-output>
        </test-method> <!-- tearDown -->
        <test-method is-config="true" signature="setUp()[pri:0, instance:com.example.tests.LoginTest@10289886]" started-at="2025-12-17T10:50:31 IST" name="setUp" finished-at="2025-12-17T10:50:34 IST" duration-ms="3827" status="PASS">
          <reporter-output>
          </reporter-output>
        </test-method> <!-- setUp -->
        <test-method signature="validLogin()[pri:0, instance:com.example.tests.LoginTest@10289886]" started-at="2025-12-17T10:50:34 IST" name="validLogin" finished-at="2025-12-17T10:50:35 IST" duration-ms="637" status="PASS">
          <reporter-output>
          </reporter-output>
        </test-method> <!-- validLogin -->
        <test-method is-config="true" signature="tearDown()[pri:0, instance:com.example.tests.LoginTest@10289886]" started-at="2025-12-17T10:50:35 IST" name="tearDown" finished-at="2025-12-17T10:50:36 IST" duration-ms="1145" status="PASS">
          <reporter-output>
          </reporter-output>
        </test-method> <!-- tearDown -->
      </class> <!-- com.example.tests.LoginTest -->
      <class name="com.example.tests.ProductDetailsTest">
        <test-method is-config="true" signature="setUp()[pri:0, instance:com.example.tests.ProductDetailsTest@3f1d2e23]" started-at="2025-12-17T10:50:52 IST" name="setUp" finished-at="2025-12-17T10:50:57 IST" duration-ms="4409" status="PASS">
          <reporter-output>
          </reporter-output>
        </test-method> <!-- setUp -->
        <test-method signature="validateProductDetails()[pri:0, instance:com.example.tests.ProductDetailsTest@3f1d2e23]" started-at="2025-12-17T10:50:57 IST" name="validateProductDetails" finished-at="2025-12-17T10:51:17 IST" duration-ms="20680" status="FAIL">
          <exception class="org.openqa.selenium.TimeoutException">
            <message>
              <![CDATA[Expected condition failed: waiting for visibility of element located by By.cssSelector: .inventory_details_name (tried for 20 second(s) with 500 milliseconds interval)
Build info: version: '4.14.0', revision: 'e5a96349ce'
System info: os.name: 'Windows 11', os.arch: 'amd64', os.version: '10.0', java.version: '21.0.5'
Driver info: org.openqa.selenium.firefox.FirefoxDriver
Capabilities {acceptInsecureCerts: true, browserName: firefox, browserVersion: 143.0.4, moz:accessibilityChecks: false, moz:buildID: 20251003115653, moz:geckodriverVersion: 0.36.0, moz:headless: false, moz:platformVersion: 10.0, moz:processID: 17568, moz:profile: C:\Users\kajal\AppData\Loca..., moz:shutdownTimeout: 60000, moz:webdriverClick: true, moz:windowless: false, pageLoadStrategy: normal, platformName: windows, proxy: Proxy(), setWindowRect: true, strictFileInteractability: false, timeouts: {implicit: 0, pageLoad: 300000, script: 30000}, unhandledPromptBehavior: dismiss and notify, userAgent: Mozilla/5.0 (Windows NT 10....}
Session ID: d5e05f80-661e-4129-b159-c75cae33b482]]>
            </message>
            <full-stacktrace>
              <![CDATA[org.openqa.selenium.TimeoutException: Expected condition failed: waiting for visibility of element located by By.cssSelector: .inventory_details_name (tried for 20 second(s) with 500 milliseconds interval)
Build info: version: '4.14.0', revision: 'e5a96349ce'
System info: os.name: 'Windows 11', os.arch: 'amd64', os.version: '10.0', java.version: '21.0.5'
Driver info: org.openqa.selenium.firefox.FirefoxDriver
Capabilities {acceptInsecureCerts: true, browserName: firefox, browserVersion: 143.0.4, moz:accessibilityChecks: false, moz:buildID: 20251003115653, moz:geckodriverVersion: 0.36.0, moz:headless: false, moz:platformVersion: 10.0, moz:processID: 17568, moz:profile: C:\Users\kajal\AppData\Loca..., moz:shutdownTimeout: 60000, moz:webdriverClick: true, moz:windowless: false, pageLoadStrategy: normal, platformName: windows, proxy: Proxy(), setWindowRect: true, strictFileInteractability: false, timeouts: {implicit: 0, pageLoad: 300000, script: 30000}, unhandledPromptBehavior: dismiss and notify, userAgent: Mozilla/5.0 (Windows NT 10....}
Session ID: d5e05f80-661e-4129-b159-c75cae33b482
at org.openqa.selenium.support.ui.WebDriverWait.timeoutException(WebDriverWait.java:84)
at org.openqa.selenium.support.ui.FluentWait.until(FluentWait.java:230)
at com.example.framework.pages.ProductDetailsPage.getProductTitle(ProductDetailsPage.java:48)
at com.example.tests.ProductDetailsTest.validateProductDetails(ProductDetailsTest.java:29)
at java.base/jdk.internal.reflect.DirectMethodHandleAccessor.invoke(DirectMethodHandleAccessor.java:103)
at java.base/java.lang.reflect.Method.invoke(Method.java:580)
at org.testng.internal.invokers.MethodInvocationHelper.invokeMethod(MethodInvocationHelper.java:141)
at org.testng.internal.invokers.TestInvoker.invokeMethod(TestInvoker.java:687)
at org.testng.internal.invokers.TestInvoker.invokeTestMethod(TestInvoker.java:230)
at org.testng.internal.invokers.MethodRunner.runInSequence(MethodRunner.java:63)
at org.testng.internal.invokers.TestInvoker$MethodInvocationAgent.invoke(TestInvoker.java:995)
at org.testng.internal.invokers.TestInvoker.invokeTestMethods(TestInvoker.java:203)
at org.testng.internal.invokers.TestMethodWorker.invokeTestMethods(TestMethodWorker.java:154)
at org.testng.internal.invokers.TestMethodWorker.run(TestMethodWorker.java:134)
at java.base/java.util.ArrayList.forEach(ArrayList.java:1596)
at org.testng.TestRunner.privateRun(TestRunner.java:741)
at org.testng.TestRunner.run(TestRunner.java:616)
at org.testng.SuiteRunner.runTest(SuiteRunner.java:421)
at org.testng.SuiteRunner.runSequentially(SuiteRunner.java:413)
at org.testng.SuiteRunner.privateRun(SuiteRunner.java:373)
at org.testng.SuiteRunner.run(SuiteRunner.java:312)
at org.testng.SuiteRunnerWorker.runSuite(SuiteRunnerWorker.java:52)
at org.testng.SuiteRunnerWorker.run(SuiteRunnerWorker.java:95)
at org.testng.TestNG.runSuitesSequentially(TestNG.java:1274)
at org.testng.TestNG.runSuitesLocally(TestNG.java:1208)
at org.testng.TestNG.runSuites(TestNG.java:1112)
at org.testng.TestNG.run(TestNG.java:1079)
at org.testng.remote.AbstractRemoteTestNG.run(AbstractRemoteTestNG.java:115)
at org.testng.remote.RemoteTestNG.initAndRun(RemoteTestNG.java:293)
at org.testng.remote.RemoteTestNG.main(RemoteTestNG.java:91)
]]>
            </full-stacktrace>
          </exception> <!-- org.openqa.selenium.TimeoutException -->
          <reporter-output>
          </reporter-output>
        </test-method> <!-- validateProductDetails -->
        <test-method is-config="true" signature="tearDown()[pri:0, instance:com.example.tests.ProductDetailsTest@3f1d2e23]" started-at="2025-12-17T10:51:17 IST" name="tearDown" finished-at="2025-12-17T10:51:19 IST" duration-ms="1227" status="PASS">
          <reporter-output>
          </reporter-output>
        </test-method> <!-- tearDown -->
      </class> <!-- com.example.tests.ProductDetailsTest -->
      <class name="com.example.tests.CheckoutTest">
        <test-method is-config="true" signature="setUp()[pri:0, instance:com.example.tests.CheckoutTest@4bff7da0]" started-at="2025-12-17T10:50:45 IST" name="setUp" finished-at="2025-12-17T10:50:50 IST" duration-ms="4450" status="PASS">
          <reporter-output>
          </reporter-output>
        </test-method> <!-- setUp -->
        <test-method signature="checkoutFlowTest()[pri:0, instance:com.example.tests.CheckoutTest@4bff7da0]" started-at="2025-12-17T10:50:50 IST" name="checkoutFlowTest" finished-at="2025-12-17T10:50:51 IST" duration-ms="1346" status="PASS">
          <reporter-output>
          </reporter-output>
        </test-method> <!-- checkoutFlowTest -->
        <test-method is-config="true" signature="tearDown()[pri:0, instance:com.example.tests.CheckoutTest@4bff7da0]" started-at="2025-12-17T10:50:51 IST" name="tearDown" finished-at="2025-12-17T10:50:52 IST" duration-ms="1208" status="PASS">
          <reporter-output>
          </reporter-output>
        </test-method> <!-- tearDown -->
      </class> <!-- com.example.tests.CheckoutTest -->
      <class name="com.example.tests.AddToCartTest">
        <test-method is-config="true" signature="setUp()[pri:0, instance:com.example.tests.AddToCartTest@638ef7ed]" started-at="2025-12-17T10:50:36 IST" name="setUp" finished-at="2025-12-17T10:50:40 IST" duration-ms="3887" status="PASS">
          <reporter-output>
          </reporter-output>
        </test-method> <!-- setUp -->
        <test-method signature="addProductToCartTest()[pri:0, instance:com.example.tests.AddToCartTest@638ef7ed]" started-at="2025-12-17T10:50:40 IST" name="addProductToCartTest" finished-at="2025-12-17T10:50:44 IST" duration-ms="3790" status="PASS">
          <reporter-output>
          </reporter-output>
        </test-method> <!-- addProductToCartTest -->
        <test-method is-config="true" signature="tearDown()[pri:0, instance:com.example.tests.AddToCartTest@638ef7ed]" started-at="2025-12-17T10:50:44 IST" name="tearDown" finished-at="2025-12-17T10:50:45 IST" duration-ms="1254" status="PASS">
          <reporter-output>
          </reporter-output>
        </test-method> <!-- tearDown -->
      </class> <!-- com.example.tests.AddToCartTest -->
      <class name="com.example.tests.LogoutTest">
        <test-method is-config="true" signature="setUp()[pri:0, instance:com.example.tests.LogoutTest@47c81abf]" started-at="2025-12-17T10:51:25 IST" name="setUp" finished-at="2025-12-17T10:51:30 IST" duration-ms="4383" status="PASS">
          <reporter-output>
          </reporter-output>
        </test-method> <!-- setUp -->
        <test-method signature="userCanLogoutSuccessfully()[pri:0, instance:com.example.tests.LogoutTest@47c81abf]" started-at="2025-12-17T10:51:30 IST" name="userCanLogoutSuccessfully" finished-at="2025-12-17T10:51:31 IST" duration-ms="1319" status="PASS">
          <reporter-output>
          </reporter-output>
        </test-method> <!-- userCanLogoutSuccessfully -->
        <test-method is-config="true" signature="tearDown()[pri:0, instance:com.example.tests.LogoutTest@47c81abf]" started-at="2025-12-17T10:51:31 IST" name="tearDown" finished-at="2025-12-17T10:51:32 IST" duration-ms="1084" status="PASS">
          <reporter-output>
          </reporter-output>
        </test-method> <!-- tearDown -->
      </class> <!-- com.example.tests.LogoutTest -->
    </test> <!-- ECommerceTests -->
  </suite> <!-- ECommerceSuite -->
</testng-results>
